#
# A fatal error has been detected by the Java Runtime Environment:
#
#  EXCEPTION_ACCESS_VIOLATION (0xc0000005) at pc=0x00007fff4c8a2968, pid=2956, tid=9064
#
# JRE version: OpenJDK Runtime Environment (17.0+35) (build 17+35-2724)
# Java VM: OpenJDK 64-Bit Server VM (17+35-2724, mixed mode, sharing, tiered, compressed oops, compressed class ptrs, g1 gc, windows-amd64)
# Problematic frame:
# V  [jvm.dll+0x382968]
#
# No core dump will be written. Minidumps are not enabled by default on client versions of Windows
#
# If you would like to submit a bug report, please visit:
#   https://bugreport.java.com/bugreport/crash.jsp
#

---------------  S U M M A R Y ------------

Command Line: -javaagent:C:\Things\IntelliJ\IntelliJ IDEA Ultimate 2021.2.3\lib\idea_rt.jar=3246:C:\Things\IntelliJ\IntelliJ IDEA Ultimate 2021.2.3\bin -Dfile.encoding=UTF-8 --module-path=C:\Things\IntelliJ\IdeaProjects\Noosphere\target\classes;C:\Users\Komp\.m2\repository\org\openjfx\javafx-graphics\17.0.1\javafx-graphics-17.0.1-win.jar;C:\Users\Komp\.m2\repository\org\openjfx\javafx-base\17.0.1\javafx-base-17.0.1-win.jar;C:\Users\Komp\.m2\repository\org\openjfx\javafx-controls\17.0.1\javafx-controls-17.0.1-win.jar;C:\Users\Komp\.m2\repository\org\openjfx\javafx-fxml\17.0.1\javafx-fxml-17.0.1-win.jar -Djdk.module.main=Noosphere Noosphere/main.MainNoosphere

Host: Intel(R) Core(TM) i7-4790 CPU @ 3.60GHz, 8 cores, 14G,  Windows 10 , 64 bit Build 19041 (10.0.19041.1348)
Time: Mon Nov 15 22:13:11 2021  Windows 10 , 64 bit Build 19041 (10.0.19041.1348) elapsed time: 0.645017 seconds (0d 0h 0m 0s)

---------------  T H R E A D  ---------------

Current thread (0x0000013eb070ee60):  JavaThread "Thread-2" daemon [_thread_in_vm, id=9064, stack(0x0000000520600000,0x0000000520700000)]

Stack: [0x0000000520600000,0x0000000520700000],  sp=0x00000005206ff6b0,  free space=1021k
Native frames: (J=compiled Java code, j=interpreted, Vv=VM code, C=native code)
V  [jvm.dll+0x382968]
V  [jvm.dll+0x66f812]
V  [jvm.dll+0x38278e]
V  [jvm.dll+0x3e9254]
V  [jvm.dll+0x3d76d5]
C  [glass.dll+0x50cc]


siginfo: EXCEPTION_ACCESS_VIOLATION (0xc0000005), reading address 0xffffffffffffffff


Register to memory mapping:

RIP=0x00007fff4c8a2968 jvm.dll
RAX=0x00007fff4c88ca10 jvm.dll
RBX=0x0 is NULL
RCX=0x8b48502474894830 is an unknown value
RDX=0x00000005206ff8d8 is pointing into the stack for thread: 0x0000013eb070ee60
RSP=0x00000005206ff6b0 is pointing into the stack for thread: 0x0000013eb070ee60
RBP=0x00000005206ff7b0 is pointing into the stack for thread: 0x0000013eb070ee60
RSI=0x00000005206ff8f0 is pointing into the stack for thread: 0x0000013eb070ee60
RDI=0x0000013eb070ee60 is a thread
R8 =0x00000005206ff8f0 is pointing into the stack for thread: 0x0000013eb070ee60
R9 =0x0000013eb070ee60 is a thread
R10=0x00000005206ff8d8 is pointing into the stack for thread: 0x0000013eb070ee60
R11=0x00000005206ff9f0 is pointing into the stack for thread: 0x0000013eb070ee60
R12=0x00000005206ff9f0 is pointing into the stack for thread: 0x0000013eb070ee60
R13=0x00000005206ff8d8 is pointing into the stack for thread: 0x0000013eb070ee60
R14=0x00000005206ffa20 is pointing into the stack for thread: 0x0000013eb070ee60
R15=0x000000000000000c is an unknown value


Registers:
RAX=0x00007fff4c88ca10, RBX=0x0000000000000000, RCX=0x8b48502474894830, RDX=0x00000005206ff8d8
RSP=0x00000005206ff6b0, RBP=0x00000005206ff7b0, RSI=0x00000005206ff8f0, RDI=0x0000013eb070ee60
R8 =0x00000005206ff8f0, R9 =0x0000013eb070ee60, R10=0x00000005206ff8d8, R11=0x00000005206ff9f0
R12=0x00000005206ff9f0, R13=0x00000005206ff8d8, R14=0x00000005206ffa20, R15=0x000000000000000c
RIP=0x00007fff4c8a2968, EFLAGS=0x0000000000010246

Top of Stack: (sp=0x00000005206ff6b0)
0x00000005206ff6b0:   0000000000000000 0000000000000000
0x00000005206ff6c0:   0000000000000000 00000005206ff9c8
0x00000005206ff6d0:   0000013e93e6c540 0000000000002040
0x00000005206ff6e0:   0000000000000000 0000000000000010
0x00000005206ff6f0:   0000013e8a490000 00000005206ff7b9
0x00000005206ff700:   0000000000000204 00007fffde25b3c7
0x00000005206ff710:   0000013eb070ee60 00007fff4c88d4e9
0x00000005206ff720:   0000000000000100 00000005206ff888
0x00000005206ff730:   00000005206ff810 0000013eb070ee60
0x00000005206ff740:   0000013eb0825eb0 0000013eaf985ab0
0x00000005206ff750:   0000013eaf985ad8 0000013eaf985b98
0x00000005206ff760:   00000000000000d8 00000005206ffa30
0x00000005206ff770:   00000008000130c8 000000071ebc2ab0
0x00000005206ff780:   0000013eb06b9b40 0000000800000000
0x00000005206ff790:   04c8876100000089 00000005f66f713c
0x00000005206ff7a0:   00000005206ff859 00007fff4cb8f812 

Instructions: (pc=0x00007fff4c8a2968)
0x00007fff4c8a2868:   89 75 a4 4c 89 55 a8 48 89 55 b0 75 77 41 0f b6
0x00007fff4c8a2878:   02 c7 45 a0 01 00 00 00 84 c0 75 68 89 5c 24 28
0x00007fff4c8a2888:   4c 8d 0d 79 c7 57 00 4c 8d 05 aa c7 57 00 89 5c
0x00007fff4c8a2898:   24 20 ba 1c 02 00 00 48 8d 0d c2 c6 57 00 e8 f5
0x00007fff4c8a28a8:   01 ec ff e8 b0 cb 2e 00 48 8b 5d 98 48 8d 43 ff
0x00007fff4c8a28b8:   48 83 f8 fd 77 2a 48 c1 eb 05 8b c3 48 c1 eb 04
0x00007fff4c8a28c8:   83 e0 0f 74 5e 0f 1f 00 8b d0 48 8d 4d 88 e8 75
0x00007fff4c8a28d8:   13 00 00 8b c3 48 c1 eb 04 83 e0 0f 75 ea eb 43
0x00007fff4c8a28e8:   4c 8b 4d 88 41 b0 01 48 8d 4d b8 49 8b d1 e8 e5
0x00007fff4c8a28f8:   81 36 00 83 7d d4 03 74 1b 8b 55 d0 48 8d 4d 88
0x00007fff4c8a2908:   e8 43 13 00 00 48 8d 4d b8 e8 9a 8a 36 00 83 7d
0x00007fff4c8a2918:   d4 03 75 e5 8b 45 d0 48 8d 4d b8 89 45 90 e8 05
0x00007fff4c8a2928:   82 36 00 44 3b 75 a4 74 24 4c 8d 0d 90 c7 57 00
0x00007fff4c8a2938:   ba 25 02 00 00 4c 8d 05 a4 c7 57 00 48 8d 0d 1d
0x00007fff4c8a2948:   c6 57 00 e8 50 01 ec ff e8 0b cb 2e 00 48 8b 46
0x00007fff4c8a2958:   78 33 db 48 85 c0 75 19 49 8b 45 00 48 8b 48 08
0x00007fff4c8a2968:   66 83 79 20 01 75 0a 80 79 30 b1 0f 84 98 05 00
0x00007fff4c8a2978:   00 48 8b d7 49 8b cd e8 ec f2 e8 ff 48 83 7f 08
0x00007fff4c8a2988:   00 0f 85 82 05 00 00 49 8b 45 00 48 8b 48 50 80
0x00007fff4c8a2998:   3d 00 aa 76 00 00 48 89 4d 80 74 15 83 bf 88 04
0x00007fff4c8a29a8:   00 00 00 74 0c 49 8b 45 00 48 8b 40 38 48 89 45
0x00007fff4c8a29b8:   80 41 8b 14 24 8d 42 fc 83 f8 0a 77 45 4c 8d 05
0x00007fff4c8a29c8:   34 d6 c7 ff 48 98 41 8b 8c 80 2c 2f 38 00 49 03
0x00007fff4c8a29d8:   c8 ff e1 41 bf 0a 00 00 00 eb 47 c7 45 78 0b 00
0x00007fff4c8a29e8:   00 00 c6 45 70 00 eb 56 c7 45 78 06 00 00 00 c6
0x00007fff4c8a29f8:   45 70 00 eb 49 c7 45 78 07 00 00 00 c6 45 70 00
0x00007fff4c8a2a08:   eb 3c ba b5 00 00 00 48 8d 0d 52 c5 57 00 e8 25
0x00007fff4c8a2a18:   00 ec ff e8 40 ca 2e 00 41 8b 14 24 41 bf 63 00
0x00007fff4c8a2a28:   00 00 44 89 7d 78 83 fa 0c 74 0b 83 fa 0d 74 06
0x00007fff4c8a2a38:   c6 45 70 00 eb 08 c6 45 70 01 44 89 7d 78 49 8b
0x00007fff4c8a2a48:   45 00 8b 48 28 c1 e9 03 f6 c1 01 75 09 48 8b 46
0x00007fff4c8a2a58:   58 4c 8b 30 eb 03 4c 8b f3 48 8d 8f a8 03 00 00 


Stack slot to memory mapping:
stack at sp + 0 slots: 0x0 is NULL
stack at sp + 1 slots: 0x0 is NULL
stack at sp + 2 slots: 0x0 is NULL
stack at sp + 3 slots: 0x00000005206ff9c8 is pointing into the stack for thread: 0x0000013eb070ee60
stack at sp + 4 slots: 0x0000013e93e6c540 is at code_begin+0 in an Interpreter codelet
method entry point (kind = zerolocals)  [0x0000013e93e6c540, 0x0000013e93e6c8e0]  928 bytes
stack at sp + 5 slots: 0x0000000000002040 is an unknown value
stack at sp + 6 slots: 0x0 is NULL
stack at sp + 7 slots: 0x0000000000000010 is an unknown value


---------------  P R O C E S S  ---------------

Threads class SMR info:
_java_thread_list=0x0000013eb06bbea0, length=18, elements={
0x0000013e8c6799c0, 0x0000013eae9eaa80, 0x0000013eae9eb430, 0x0000013eaea022a0,
0x0000013eaea02c50, 0x0000013eaea07a20, 0x0000013eaea0b8d0, 0x0000013eaea0c660,
0x0000013eaea15110, 0x0000013eaea28a10, 0x0000013eae9dbae0, 0x0000013eaf589850,
0x0000013eaf5711c0, 0x0000013eb0161690, 0x0000013eafa54630, 0x0000013eb00f5e40,
0x0000013eaff79920, 0x0000013eb070ee60
}

Java Threads: ( => current thread )
  0x0000013e8c6799c0 JavaThread "main" [_thread_blocked, id=7352, stack(0x000000051eb00000,0x000000051ec00000)]
  0x0000013eae9eaa80 JavaThread "Reference Handler" daemon [_thread_blocked, id=3896, stack(0x000000051f200000,0x000000051f300000)]
  0x0000013eae9eb430 JavaThread "Finalizer" daemon [_thread_blocked, id=1464, stack(0x000000051f300000,0x000000051f400000)]
  0x0000013eaea022a0 JavaThread "Signal Dispatcher" daemon [_thread_blocked, id=11668, stack(0x000000051f400000,0x000000051f500000)]
  0x0000013eaea02c50 JavaThread "Attach Listener" daemon [_thread_blocked, id=10144, stack(0x000000051f500000,0x000000051f600000)]
  0x0000013eaea07a20 JavaThread "Service Thread" daemon [_thread_blocked, id=16516, stack(0x000000051f600000,0x000000051f700000)]
  0x0000013eaea0b8d0 JavaThread "Monitor Deflation Thread" daemon [_thread_blocked, id=10896, stack(0x000000051f700000,0x000000051f800000)]
  0x0000013eaea0c660 JavaThread "C2 CompilerThread0" daemon [_thread_blocked, id=15672, stack(0x000000051f800000,0x000000051f900000)]
  0x0000013eaea15110 JavaThread "C1 CompilerThread0" daemon [_thread_blocked, id=16096, stack(0x000000051f900000,0x000000051fa00000)]
  0x0000013eaea28a10 JavaThread "Sweeper thread" daemon [_thread_blocked, id=4940, stack(0x000000051fa00000,0x000000051fb00000)]
  0x0000013eae9dbae0 JavaThread "Common-Cleaner" daemon [_thread_blocked, id=6060, stack(0x000000051fb00000,0x000000051fc00000)]
  0x0000013eaf589850 JavaThread "C2 CompilerThread1" daemon [_thread_blocked, id=12432, stack(0x000000051fc00000,0x000000051fd00000)]
  0x0000013eaf5711c0 JavaThread "C2 CompilerThread2" daemon [_thread_blocked, id=15864, stack(0x000000051fd00000,0x000000051fe00000)]
  0x0000013eb0161690 JavaThread "Monitor Ctrl-Break" daemon [_thread_in_native, id=7316, stack(0x000000051fe00000,0x000000051ff00000)]
  0x0000013eafa54630 JavaThread "Notification Thread" daemon [_thread_blocked, id=14016, stack(0x000000051ff00000,0x0000000520000000)]
  0x0000013eb00f5e40 JavaThread "QuantumRenderer-0" daemon [_thread_blocked, id=15420, stack(0x0000000520100000,0x0000000520200000)]
  0x0000013eaff79920 JavaThread "InvokeLaterDispatcher" daemon [_thread_blocked, id=16592, stack(0x0000000520300000,0x0000000520400000)]
=>0x0000013eb070ee60 JavaThread "Thread-2" daemon [_thread_in_vm, id=9064, stack(0x0000000520600000,0x0000000520700000)]

Other Threads:
  0x0000013eae9e80f0 VMThread "VM Thread" [stack: 0x000000051f100000,0x000000051f200000] [id=7836] _threads_hazard_ptr=0x0000013eb06bbea0
  0x0000013e8c6eced0 WatcherThread [stack: 0x0000000520000000,0x0000000520100000] [id=11164]
  0x0000013e8c6c7390 GCTaskThread "GC Thread#0" [stack: 0x000000051ec00000,0x000000051ed00000] [id=16260]
  0x0000013e8c6d71e0 ConcurrentGCThread "G1 Main Marker" [stack: 0x000000051ed00000,0x000000051ee00000] [id=8676]
  0x0000013e8c6db2b0 ConcurrentGCThread "G1 Conc#0" [stack: 0x000000051ee00000,0x000000051ef00000] [id=16224]
  0x0000013e8c72dd30 ConcurrentGCThread "G1 Refine#0" [stack: 0x000000051ef00000,0x000000051f000000] [id=7400]
  0x0000013e8c72e4f0 ConcurrentGCThread "G1 Service" [stack: 0x000000051f000000,0x000000051f100000] [id=8612]

Threads with active compile tasks:
C2 CompilerThread0      691  912       4       java.lang.String::toString (2 bytes)
C1 CompilerThread0      691  910       3       java.lang.String::getChars (54 bytes)
C2 CompilerThread2      691  866       4       java.util.HashSet::add (20 bytes)

VM state: synchronizing (normal execution)

VM Mutex/Monitor currently owned by a thread:  ([mutex/lock_event])
[0x0000013e8c66a530] Threads_lock - owner thread: 0x0000013eae9e80f0

Heap address: 0x0000000710e00000, size: 3826 MB, Compressed Oops mode: Zero based, Oop shift amount: 3

CDS archive(s) mapped at: [0x0000000800000000-0x0000000800bc0000-0x0000000800bc0000), size 12320768, SharedBaseAddress: 0x0000000800000000, ArchiveRelocationMode: 0.
Compressed class space mapped at: 0x0000000800c00000-0x0000000840c00000, reserved size: 1073741824
Narrow klass base: 0x0000000800000000, Narrow klass shift: 0, Narrow klass range: 0x100000000

GC Precious Log:
 CPUs: 8 total, 8 available
 Memory: 15300M
 Large Page Support: Disabled
 NUMA Support: Disabled
 Compressed Oops: Enabled (Zero based)
 Heap Region Size: 2M
 Heap Min Capacity: 8M
 Heap Initial Capacity: 240M
 Heap Max Capacity: 3826M
 Pre-touch: Disabled
 Parallel Workers: 8
 Concurrent Workers: 2
 Concurrent Refinement Workers: 8
 Periodic GC: Disabled

Heap:
 garbage-first heap   total 245760K, used 20480K [0x0000000710e00000, 0x0000000800000000)
  region size 2048K, 11 young (22528K), 0 survivors (0K)
 Metaspace       used 4488K, committed 4672K, reserved 1056768K
  class space    used 492K, committed 576K, reserved 1048576K

Heap Regions: E=young(eden), S=young(survivor), O=old, HS=humongous(starts), HC=humongous(continues), CS=collection set, F=free, OA=open archive, CA=closed archive, TAMS=top-at-mark-start (previous, next)
|   0|0x0000000710e00000, 0x0000000710e00000, 0x0000000711000000|  0%| F|  |TAMS 0x0000000710e00000, 0x0000000710e00000| Untracked 
|   1|0x0000000711000000, 0x0000000711000000, 0x0000000711200000|  0%| F|  |TAMS 0x0000000711000000, 0x0000000711000000| Untracked 
|   2|0x0000000711200000, 0x0000000711200000, 0x0000000711400000|  0%| F|  |TAMS 0x0000000711200000, 0x0000000711200000| Untracked 
|   3|0x0000000711400000, 0x0000000711400000, 0x0000000711600000|  0%| F|  |TAMS 0x0000000711400000, 0x0000000711400000| Untracked 
|   4|0x0000000711600000, 0x0000000711600000, 0x0000000711800000|  0%| F|  |TAMS 0x0000000711600000, 0x0000000711600000| Untracked 
|   5|0x0000000711800000, 0x0000000711800000, 0x0000000711a00000|  0%| F|  |TAMS 0x0000000711800000, 0x0000000711800000| Untracked 
|   6|0x0000000711a00000, 0x0000000711a00000, 0x0000000711c00000|  0%| F|  |TAMS 0x0000000711a00000, 0x0000000711a00000| Untracked 
|   7|0x0000000711c00000, 0x0000000711c00000, 0x0000000711e00000|  0%| F|  |TAMS 0x0000000711c00000, 0x0000000711c00000| Untracked 
|   8|0x0000000711e00000, 0x0000000711e00000, 0x0000000712000000|  0%| F|  |TAMS 0x0000000711e00000, 0x0000000711e00000| Untracked 
|   9|0x0000000712000000, 0x0000000712000000, 0x0000000712200000|  0%| F|  |TAMS 0x0000000712000000, 0x0000000712000000| Untracked 
|  10|0x0000000712200000, 0x0000000712200000, 0x0000000712400000|  0%| F|  |TAMS 0x0000000712200000, 0x0000000712200000| Untracked 
|  11|0x0000000712400000, 0x0000000712400000, 0x0000000712600000|  0%| F|  |TAMS 0x0000000712400000, 0x0000000712400000| Untracked 
|  12|0x0000000712600000, 0x0000000712600000, 0x0000000712800000|  0%| F|  |TAMS 0x0000000712600000, 0x0000000712600000| Untracked 
|  13|0x0000000712800000, 0x0000000712800000, 0x0000000712a00000|  0%| F|  |TAMS 0x0000000712800000, 0x0000000712800000| Untracked 
|  14|0x0000000712a00000, 0x0000000712a00000, 0x0000000712c00000|  0%| F|  |TAMS 0x0000000712a00000, 0x0000000712a00000| Untracked 
|  15|0x0000000712c00000, 0x0000000712c00000, 0x0000000712e00000|  0%| F|  |TAMS 0x0000000712c00000, 0x0000000712c00000| Untracked 
|  16|0x0000000712e00000, 0x0000000712e00000, 0x0000000713000000|  0%| F|  |TAMS 0x0000000712e00000, 0x0000000712e00000| Untracked 
|  17|0x0000000713000000, 0x0000000713000000, 0x0000000713200000|  0%| F|  |TAMS 0x0000000713000000, 0x0000000713000000| Untracked 
|  18|0x0000000713200000, 0x0000000713200000, 0x0000000713400000|  0%| F|  |TAMS 0x0000000713200000, 0x0000000713200000| Untracked 
|  19|0x0000000713400000, 0x0000000713400000, 0x0000000713600000|  0%| F|  |TAMS 0x0000000713400000, 0x0000000713400000| Untracked 
|  20|0x0000000713600000, 0x0000000713600000, 0x0000000713800000|  0%| F|  |TAMS 0x0000000713600000, 0x0000000713600000| Untracked 
|  21|0x0000000713800000, 0x0000000713800000, 0x0000000713a00000|  0%| F|  |TAMS 0x0000000713800000, 0x0000000713800000| Untracked 
|  22|0x0000000713a00000, 0x0000000713a00000, 0x0000000713c00000|  0%| F|  |TAMS 0x0000000713a00000, 0x0000000713a00000| Untracked 
|  23|0x0000000713c00000, 0x0000000713c00000, 0x0000000713e00000|  0%| F|  |TAMS 0x0000000713c00000, 0x0000000713c00000| Untracked 
|  24|0x0000000713e00000, 0x0000000713e00000, 0x0000000714000000|  0%| F|  |TAMS 0x0000000713e00000, 0x0000000713e00000| Untracked 
|  25|0x0000000714000000, 0x0000000714000000, 0x0000000714200000|  0%| F|  |TAMS 0x0000000714000000, 0x0000000714000000| Untracked 
|  26|0x0000000714200000, 0x0000000714200000, 0x0000000714400000|  0%| F|  |TAMS 0x0000000714200000, 0x0000000714200000| Untracked 
|  27|0x0000000714400000, 0x0000000714400000, 0x0000000714600000|  0%| F|  |TAMS 0x0000000714400000, 0x0000000714400000| Untracked 
|  28|0x0000000714600000, 0x0000000714600000, 0x0000000714800000|  0%| F|  |TAMS 0x0000000714600000, 0x0000000714600000| Untracked 
|  29|0x0000000714800000, 0x0000000714800000, 0x0000000714a00000|  0%| F|  |TAMS 0x0000000714800000, 0x0000000714800000| Untracked 
|  30|0x0000000714a00000, 0x0000000714a00000, 0x0000000714c00000|  0%| F|  |TAMS 0x0000000714a00000, 0x0000000714a00000| Untracked 
|  31|0x0000000714c00000, 0x0000000714c00000, 0x0000000714e00000|  0%| F|  |TAMS 0x0000000714c00000, 0x0000000714c00000| Untracked 
|  32|0x0000000714e00000, 0x0000000714e00000, 0x0000000715000000|  0%| F|  |TAMS 0x0000000714e00000, 0x0000000714e00000| Untracked 
|  33|0x0000000715000000, 0x0000000715000000, 0x0000000715200000|  0%| F|  |TAMS 0x0000000715000000, 0x0000000715000000| Untracked 
|  34|0x0000000715200000, 0x0000000715200000, 0x0000000715400000|  0%| F|  |TAMS 0x0000000715200000, 0x0000000715200000| Untracked 
|  35|0x0000000715400000, 0x0000000715400000, 0x0000000715600000|  0%| F|  |TAMS 0x0000000715400000, 0x0000000715400000| Untracked 
|  36|0x0000000715600000, 0x0000000715600000, 0x0000000715800000|  0%| F|  |TAMS 0x0000000715600000, 0x0000000715600000| Untracked 
|  37|0x0000000715800000, 0x0000000715800000, 0x0000000715a00000|  0%| F|  |TAMS 0x0000000715800000, 0x0000000715800000| Untracked 
|  38|0x0000000715a00000, 0x0000000715a00000, 0x0000000715c00000|  0%| F|  |TAMS 0x0000000715a00000, 0x0000000715a00000| Untracked 
|  39|0x0000000715c00000, 0x0000000715c00000, 0x0000000715e00000|  0%| F|  |TAMS 0x0000000715c00000, 0x0000000715c00000| Untracked 
|  40|0x0000000715e00000, 0x0000000715e00000, 0x0000000716000000|  0%| F|  |TAMS 0x0000000715e00000, 0x0000000715e00000| Untracked 
|  41|0x0000000716000000, 0x0000000716000000, 0x0000000716200000|  0%| F|  |TAMS 0x0000000716000000, 0x0000000716000000| Untracked 
|  42|0x0000000716200000, 0x0000000716200000, 0x0000000716400000|  0%| F|  |TAMS 0x0000000716200000, 0x0000000716200000| Untracked 
|  43|0x0000000716400000, 0x0000000716400000, 0x0000000716600000|  0%| F|  |TAMS 0x0000000716400000, 0x0000000716400000| Untracked 
|  44|0x0000000716600000, 0x0000000716600000, 0x0000000716800000|  0%| F|  |TAMS 0x0000000716600000, 0x0000000716600000| Untracked 
|  45|0x0000000716800000, 0x0000000716800000, 0x0000000716a00000|  0%| F|  |TAMS 0x0000000716800000, 0x0000000716800000| Untracked 
|  46|0x0000000716a00000, 0x0000000716a00000, 0x0000000716c00000|  0%| F|  |TAMS 0x0000000716a00000, 0x0000000716a00000| Untracked 
|  47|0x0000000716c00000, 0x0000000716c00000, 0x0000000716e00000|  0%| F|  |TAMS 0x0000000716c00000, 0x0000000716c00000| Untracked 
|  48|0x0000000716e00000, 0x0000000716e00000, 0x0000000717000000|  0%| F|  |TAMS 0x0000000716e00000, 0x0000000716e00000| Untracked 
|  49|0x0000000717000000, 0x0000000717000000, 0x0000000717200000|  0%| F|  |TAMS 0x0000000717000000, 0x0000000717000000| Untracked 
|  50|0x0000000717200000, 0x0000000717200000, 0x0000000717400000|  0%| F|  |TAMS 0x0000000717200000, 0x0000000717200000| Untracked 
|  51|0x0000000717400000, 0x0000000717400000, 0x0000000717600000|  0%| F|  |TAMS 0x0000000717400000, 0x0000000717400000| Untracked 
|  52|0x0000000717600000, 0x0000000717600000, 0x0000000717800000|  0%| F|  |TAMS 0x0000000717600000, 0x0000000717600000| Untracked 
|  53|0x0000000717800000, 0x0000000717800000, 0x0000000717a00000|  0%| F|  |TAMS 0x0000000717800000, 0x0000000717800000| Untracked 
|  54|0x0000000717a00000, 0x0000000717a00000, 0x0000000717c00000|  0%| F|  |TAMS 0x0000000717a00000, 0x0000000717a00000| Untracked 
|  55|0x0000000717c00000, 0x0000000717c00000, 0x0000000717e00000|  0%| F|  |TAMS 0x0000000717c00000, 0x0000000717c00000| Untracked 
|  56|0x0000000717e00000, 0x0000000717e00000, 0x0000000718000000|  0%| F|  |TAMS 0x0000000717e00000, 0x0000000717e00000| Untracked 
|  57|0x0000000718000000, 0x0000000718000000, 0x0000000718200000|  0%| F|  |TAMS 0x0000000718000000, 0x0000000718000000| Untracked 
|  58|0x0000000718200000, 0x0000000718200000, 0x0000000718400000|  0%| F|  |TAMS 0x0000000718200000, 0x0000000718200000| Untracked 
|  59|0x0000000718400000, 0x0000000718400000, 0x0000000718600000|  0%| F|  |TAMS 0x0000000718400000, 0x0000000718400000| Untracked 
|  60|0x0000000718600000, 0x0000000718600000, 0x0000000718800000|  0%| F|  |TAMS 0x0000000718600000, 0x0000000718600000| Untracked 
|  61|0x0000000718800000, 0x0000000718800000, 0x0000000718a00000|  0%| F|  |TAMS 0x0000000718800000, 0x0000000718800000| Untracked 
|  62|0x0000000718a00000, 0x0000000718a00000, 0x0000000718c00000|  0%| F|  |TAMS 0x0000000718a00000, 0x0000000718a00000| Untracked 
|  63|0x0000000718c00000, 0x0000000718c00000, 0x0000000718e00000|  0%| F|  |TAMS 0x0000000718c00000, 0x0000000718c00000| Untracked 
|  64|0x0000000718e00000, 0x0000000718e00000, 0x0000000719000000|  0%| F|  |TAMS 0x0000000718e00000, 0x0000000718e00000| Untracked 
|  65|0x0000000719000000, 0x0000000719000000, 0x0000000719200000|  0%| F|  |TAMS 0x0000000719000000, 0x0000000719000000| Untracked 
|  66|0x0000000719200000, 0x0000000719200000, 0x0000000719400000|  0%| F|  |TAMS 0x0000000719200000, 0x0000000719200000| Untracked 
|  67|0x0000000719400000, 0x0000000719400000, 0x0000000719600000|  0%| F|  |TAMS 0x0000000719400000, 0x0000000719400000| Untracked 
|  68|0x0000000719600000, 0x0000000719600000, 0x0000000719800000|  0%| F|  |TAMS 0x0000000719600000, 0x0000000719600000| Untracked 
|  69|0x0000000719800000, 0x0000000719800000, 0x0000000719a00000|  0%| F|  |TAMS 0x0000000719800000, 0x0000000719800000| Untracked 
|  70|0x0000000719a00000, 0x0000000719a00000, 0x0000000719c00000|  0%| F|  |TAMS 0x0000000719a00000, 0x0000000719a00000| Untracked 
|  71|0x0000000719c00000, 0x0000000719c00000, 0x0000000719e00000|  0%| F|  |TAMS 0x0000000719c00000, 0x0000000719c00000| Untracked 
|  72|0x0000000719e00000, 0x0000000719e00000, 0x000000071a000000|  0%| F|  |TAMS 0x0000000719e00000, 0x0000000719e00000| Untracked 
|  73|0x000000071a000000, 0x000000071a000000, 0x000000071a200000|  0%| F|  |TAMS 0x000000071a000000, 0x000000071a000000| Untracked 
|  74|0x000000071a200000, 0x000000071a200000, 0x000000071a400000|  0%| F|  |TAMS 0x000000071a200000, 0x000000071a200000| Untracked 
|  75|0x000000071a400000, 0x000000071a400000, 0x000000071a600000|  0%| F|  |TAMS 0x000000071a400000, 0x000000071a400000| Untracked 
|  76|0x000000071a600000, 0x000000071a600000, 0x000000071a800000|  0%| F|  |TAMS 0x000000071a600000, 0x000000071a600000| Untracked 
|  77|0x000000071a800000, 0x000000071a800000, 0x000000071aa00000|  0%| F|  |TAMS 0x000000071a800000, 0x000000071a800000| Untracked 
|  78|0x000000071aa00000, 0x000000071aa00000, 0x000000071ac00000|  0%| F|  |TAMS 0x000000071aa00000, 0x000000071aa00000| Untracked 
|  79|0x000000071ac00000, 0x000000071ac00000, 0x000000071ae00000|  0%| F|  |TAMS 0x000000071ac00000, 0x000000071ac00000| Untracked 
|  80|0x000000071ae00000, 0x000000071ae00000, 0x000000071b000000|  0%| F|  |TAMS 0x000000071ae00000, 0x000000071ae00000| Untracked 
|  81|0x000000071b000000, 0x000000071b000000, 0x000000071b200000|  0%| F|  |TAMS 0x000000071b000000, 0x000000071b000000| Untracked 
|  82|0x000000071b200000, 0x000000071b200000, 0x000000071b400000|  0%| F|  |TAMS 0x000000071b200000, 0x000000071b200000| Untracked 
|  83|0x000000071b400000, 0x000000071b400000, 0x000000071b600000|  0%| F|  |TAMS 0x000000071b400000, 0x000000071b400000| Untracked 
|  84|0x000000071b600000, 0x000000071b600000, 0x000000071b800000|  0%| F|  |TAMS 0x000000071b600000, 0x000000071b600000| Untracked 
|  85|0x000000071b800000, 0x000000071b800000, 0x000000071ba00000|  0%| F|  |TAMS 0x000000071b800000, 0x000000071b800000| Untracked 
|  86|0x000000071ba00000, 0x000000071ba00000, 0x000000071bc00000|  0%| F|  |TAMS 0x000000071ba00000, 0x000000071ba00000| Untracked 
|  87|0x000000071bc00000, 0x000000071bc00000, 0x000000071be00000|  0%| F|  |TAMS 0x000000071bc00000, 0x000000071bc00000| Untracked 
|  88|0x000000071be00000, 0x000000071be00000, 0x000000071c000000|  0%| F|  |TAMS 0x000000071be00000, 0x000000071be00000| Untracked 
|  89|0x000000071c000000, 0x000000071c000000, 0x000000071c200000|  0%| F|  |TAMS 0x000000071c000000, 0x000000071c000000| Untracked 
|  90|0x000000071c200000, 0x000000071c200000, 0x000000071c400000|  0%| F|  |TAMS 0x000000071c200000, 0x000000071c200000| Untracked 
|  91|0x000000071c400000, 0x000000071c400000, 0x000000071c600000|  0%| F|  |TAMS 0x000000071c400000, 0x000000071c400000| Untracked 
|  92|0x000000071c600000, 0x000000071c600000, 0x000000071c800000|  0%| F|  |TAMS 0x000000071c600000, 0x000000071c600000| Untracked 
|  93|0x000000071c800000, 0x000000071c800000, 0x000000071ca00000|  0%| F|  |TAMS 0x000000071c800000, 0x000000071c800000| Untracked 
|  94|0x000000071ca00000, 0x000000071ca00000, 0x000000071cc00000|  0%| F|  |TAMS 0x000000071ca00000, 0x000000071ca00000| Untracked 
|  95|0x000000071cc00000, 0x000000071cc00000, 0x000000071ce00000|  0%| F|  |TAMS 0x000000071cc00000, 0x000000071cc00000| Untracked 
|  96|0x000000071ce00000, 0x000000071ce00000, 0x000000071d000000|  0%| F|  |TAMS 0x000000071ce00000, 0x000000071ce00000| Untracked 
|  97|0x000000071d000000, 0x000000071d000000, 0x000000071d200000|  0%| F|  |TAMS 0x000000071d000000, 0x000000071d000000| Untracked 
|  98|0x000000071d200000, 0x000000071d200000, 0x000000071d400000|  0%| F|  |TAMS 0x000000071d200000, 0x000000071d200000| Untracked 
|  99|0x000000071d400000, 0x000000071d400000, 0x000000071d600000|  0%| F|  |TAMS 0x000000071d400000, 0x000000071d400000| Untracked 
| 100|0x000000071d600000, 0x000000071d600000, 0x000000071d800000|  0%| F|  |TAMS 0x000000071d600000, 0x000000071d600000| Untracked 
| 101|0x000000071d800000, 0x000000071d800000, 0x000000071da00000|  0%| F|  |TAMS 0x000000071d800000, 0x000000071d800000| Untracked 
| 102|0x000000071da00000, 0x000000071da00000, 0x000000071dc00000|  0%| F|  |TAMS 0x000000071da00000, 0x000000071da00000| Untracked 
| 103|0x000000071dc00000, 0x000000071dc00000, 0x000000071de00000|  0%| F|  |TAMS 0x000000071dc00000, 0x000000071dc00000| Untracked 
| 104|0x000000071de00000, 0x000000071de00000, 0x000000071e000000|  0%| F|  |TAMS 0x000000071de00000, 0x000000071de00000| Untracked 
| 105|0x000000071e000000, 0x000000071e000000, 0x000000071e200000|  0%| F|  |TAMS 0x000000071e000000, 0x000000071e000000| Untracked 
| 106|0x000000071e200000, 0x000000071e200000, 0x000000071e400000|  0%| F|  |TAMS 0x000000071e200000, 0x000000071e200000| Untracked 
| 107|0x000000071e400000, 0x000000071e400000, 0x000000071e600000|  0%| F|  |TAMS 0x000000071e400000, 0x000000071e400000| Untracked 
| 108|0x000000071e600000, 0x000000071e600000, 0x000000071e800000|  0%| F|  |TAMS 0x000000071e600000, 0x000000071e600000| Untracked 
| 109|0x000000071e800000, 0x000000071e872e78, 0x000000071ea00000| 22%| E|  |TAMS 0x000000071e800000, 0x000000071e800000| Complete 
| 110|0x000000071ea00000, 0x000000071ec00000, 0x000000071ec00000|100%| E|CS|TAMS 0x000000071ea00000, 0x000000071ea00000| Complete 
| 111|0x000000071ec00000, 0x000000071ee00000, 0x000000071ee00000|100%| E|CS|TAMS 0x000000071ec00000, 0x000000071ec00000| Complete 
| 112|0x000000071ee00000, 0x000000071f000000, 0x000000071f000000|100%| E|CS|TAMS 0x000000071ee00000, 0x000000071ee00000| Complete 
| 113|0x000000071f000000, 0x000000071f200000, 0x000000071f200000|100%| E|CS|TAMS 0x000000071f000000, 0x000000071f000000| Complete 
| 114|0x000000071f200000, 0x000000071f400000, 0x000000071f400000|100%| E|CS|TAMS 0x000000071f200000, 0x000000071f200000| Complete 
| 115|0x000000071f400000, 0x000000071f600000, 0x000000071f600000|100%| E|CS|TAMS 0x000000071f400000, 0x000000071f400000| Complete 
| 116|0x000000071f600000, 0x000000071f800000, 0x000000071f800000|100%| E|CS|TAMS 0x000000071f600000, 0x000000071f600000| Complete 
| 117|0x000000071f800000, 0x000000071fa00000, 0x000000071fa00000|100%| E|CS|TAMS 0x000000071f800000, 0x000000071f800000| Complete 
| 118|0x000000071fa00000, 0x000000071fc00000, 0x000000071fc00000|100%| E|CS|TAMS 0x000000071fa00000, 0x000000071fa00000| Complete 
| 119|0x000000071fc00000, 0x000000071fe00000, 0x000000071fe00000|100%| E|CS|TAMS 0x000000071fc00000, 0x000000071fc00000| Complete 

Card table byte_map: [0x0000013ea3910000,0x0000013ea4090000] _byte_map_base: 0x0000013ea0089000

Marking Bits (Prev, Next): (CMBitMap*) 0x0000013e8c6c79a0, (CMBitMap*) 0x0000013e8c6c79e0
 Prev Bits: [0x0000013ea4810000, 0x0000013ea83d8000)
 Next Bits: [0x0000013ea83e0000, 0x0000013eabfa8000)

Polling page: 0x0000013e8be40000

Metaspace:

Usage:
  Non-class:      3.90 MB used.
      Class:    492.20 KB used.
       Both:      4.38 MB used.

Virtual space:
  Non-class space:        8.00 MB reserved,       4.00 MB ( 50%) committed,  1 nodes.
      Class space:        1.00 GB reserved,     576.00 KB ( <1%) committed,  1 nodes.
             Both:        1.01 GB reserved,       4.56 MB ( <1%) committed. 

Chunk freelists:
   Non-Class:  2.32 MB
       Class:  3.48 MB
        Both:  5.80 MB

MaxMetaspaceSize: unlimited
CompressedClassSpaceSize: 1.00 GB
Initial GC threshold: 21.00 MB
Current GC threshold: 21.00 MB
CDS: on
MetaspaceReclaimPolicy: balanced
 - commit_granule_bytes: 65536.
 - commit_granule_words: 8192.
 - virtual_space_node_default_size: 1048576.
 - enlarge_chunks_in_place: 1.
 - new_chunks_are_fully_committed: 0.
 - uncommit_free_chunks: 1.
 - use_allocation_guard: 0.
 - handle_deallocations: 1.


Internal statistics:

num_allocs_failed_limit: 0.
num_arena_births: 94.
num_arena_deaths: 0.
num_vsnodes_births: 2.
num_vsnodes_deaths: 0.
num_space_committed: 73.
num_space_uncommitted: 0.
num_chunks_returned_to_freelist: 0.
num_chunks_taken_from_freelist: 195.
num_chunk_merges: 0.
num_chunk_splits: 125.
num_chunks_enlarged: 90.
num_purges: 0.
num_inconsistent_stats: 0.

CodeHeap 'non-profiled nmethods': size=120000Kb used=344Kb max_used=344Kb free=119655Kb
 bounds [0x0000013e9b930000, 0x0000013e9bba0000, 0x0000013ea2e60000]
CodeHeap 'profiled nmethods': size=120000Kb used=1455Kb max_used=1455Kb free=118544Kb
 bounds [0x0000013e94400000, 0x0000013e94670000, 0x0000013e9b930000]
CodeHeap 'non-nmethods': size=5760Kb used=1201Kb max_used=1227Kb free=4558Kb
 bounds [0x0000013e93e60000, 0x0000013e940d0000, 0x0000013e94400000]
 total_blobs=1413 nmethods=908 adapters=418
 compilation: enabled
              stopped_count=0, restarted_count=0
 full_count=0

Compilation events (20 events):
Event: 0.628 Thread 0x0000013eaea15110  897       3       java.security.AccessController::executePrivileged (65 bytes)
Event: 0.629 Thread 0x0000013eaea15110 nmethod 897 0x0000013e94566090 code [0x0000013e94566260, 0x0000013e94566558]
Event: 0.629 Thread 0x0000013eaea15110  898       3       java.lang.invoke.MethodType::basicType (8 bytes)
Event: 0.629 Thread 0x0000013eaea15110 nmethod 898 0x0000013e94566690 code [0x0000013e94566820, 0x0000013e94566958]
Event: 0.629 Thread 0x0000013eaea15110  899       3       java.lang.invoke.MethodHandleNatives::isCallerSensitive (29 bytes)
Event: 0.629 Thread 0x0000013eaea15110 nmethod 899 0x0000013e94566a10 code [0x0000013e94566c00, 0x0000013e94567188]
Event: 0.629 Thread 0x0000013eaea15110  900       3       java.lang.invoke.MethodHandleNatives::canBeCalledVirtual (50 bytes)
Event: 0.630 Thread 0x0000013eaea15110 nmethod 900 0x0000013e94567390 code [0x0000013e94567580, 0x0000013e94567a68]
Event: 0.630 Thread 0x0000013eaea15110  901       3       java.lang.invoke.MethodHandles$Lookup::checkSecurityManager (97 bytes)
Event: 0.631 Thread 0x0000013eaea15110 nmethod 901 0x0000013e94567c10 code [0x0000013e94567f20, 0x0000013e94568f58]
Event: 0.631 Thread 0x0000013eaea15110  902       3       java.security.AccessController::doPrivileged (9 bytes)
Event: 0.631 Thread 0x0000013eaea0c660  904       4       jdk.internal.org.objectweb.asm.ClassReader::readUnsignedShort (26 bytes)
Event: 0.631 Thread 0x0000013eaea15110 nmethod 902 0x0000013e94569490 code [0x0000013e94569660, 0x0000013e94569998]
Event: 0.631 Thread 0x0000013eaea15110  903       1       jdk.internal.org.objectweb.asm.SymbolTable::getConstantPoolCount (5 bytes)
Event: 0.632 Thread 0x0000013eaea15110 nmethod 903 0x0000013e9b985210 code [0x0000013e9b9853a0, 0x0000013e9b985478]
Event: 0.632 Thread 0x0000013eaea0c660 nmethod 904 0x0000013e9b985510 code [0x0000013e9b985680, 0x0000013e9b985758]
Event: 0.634 Thread 0x0000013eaea15110  905       3       jdk.internal.loader.ClassLoaders$AppClassLoader::loadClass (40 bytes)
Event: 0.635 Thread 0x0000013eaea15110 nmethod 905 0x0000013e94569b10 code [0x0000013e94569d60, 0x0000013e9456a6b8]
Event: 0.635 Thread 0x0000013eaea15110  906       3       jdk.internal.loader.BuiltinClassLoader::loadClass (22 bytes)
Event: 0.635 Thread 0x0000013eaea15110 nmethod 906 0x0000013e9456aa10 code [0x0000013e9456abc0, 0x0000013e9456ae98]

GC Heap History (0 events):
No events

Deoptimization events (20 events):
Event: 0.281 Thread 0x0000013e8c6799c0 DEOPT PACKING pc=0x0000013e9b9502ac sp=0x000000051ebfe310
Event: 0.281 Thread 0x0000013e8c6799c0 DEOPT UNPACKING pc=0x0000013e93eb23a3 sp=0x000000051ebfe248 mode 2
Event: 0.281 Thread 0x0000013e8c6799c0 Uncommon trap: trap_request=0xffffff45 fr.pc=0x0000013e9b94b6e4 relative=0x0000000000000d64
Event: 0.281 Thread 0x0000013e8c6799c0 Uncommon trap: reason=unstable_if action=reinterpret pc=0x0000013e9b94b6e4 method=java.util.HashMap.putVal(ILjava/lang/Object;Ljava/lang/Object;ZZ)Ljava/lang/Object; @ 193 c2
Event: 0.281 Thread 0x0000013e8c6799c0 DEOPT PACKING pc=0x0000013e9b94b6e4 sp=0x000000051ebfe270
Event: 0.281 Thread 0x0000013e8c6799c0 DEOPT UNPACKING pc=0x0000013e93eb23a3 sp=0x000000051ebfe240 mode 2
Event: 0.407 Thread 0x0000013e8c6799c0 DEOPT PACKING pc=0x0000013e944f6c0f sp=0x000000051ebfe500
Event: 0.407 Thread 0x0000013e8c6799c0 DEOPT UNPACKING pc=0x0000013e93eb2b43 sp=0x000000051ebfd920 mode 0
Event: 0.512 Thread 0x0000013eb00b9cc0 Uncommon trap: trap_request=0xffffff45 fr.pc=0x0000013e9b9694e4 relative=0x00000000000002a4
Event: 0.512 Thread 0x0000013eb00b9cc0 Uncommon trap: reason=unstable_if action=reinterpret pc=0x0000013e9b9694e4 method=java.lang.invoke.VarHandle.checkExactAccessMode(Ljava/lang/invoke/VarHandle$AccessDescriptor;)V @ 4 c2
Event: 0.512 Thread 0x0000013eb00b9cc0 DEOPT PACKING pc=0x0000013e9b9694e4 sp=0x00000005204fea10
Event: 0.512 Thread 0x0000013eb00b9cc0 DEOPT UNPACKING pc=0x0000013e93eb23a3 sp=0x00000005204fe980 mode 2
Event: 0.621 Thread 0x0000013eb00b9cc0 Uncommon trap: trap_request=0xffffff45 fr.pc=0x0000013e9b968f74 relative=0x0000000000000074
Event: 0.621 Thread 0x0000013eb00b9cc0 Uncommon trap: reason=unstable_if action=reinterpret pc=0x0000013e9b968f74 method=jdk.internal.misc.Unsafe.convEndian(ZI)I @ 4 c2
Event: 0.621 Thread 0x0000013eb00b9cc0 DEOPT PACKING pc=0x0000013e9b968f74 sp=0x00000005204fd6a0
Event: 0.621 Thread 0x0000013eb00b9cc0 DEOPT UNPACKING pc=0x0000013e93eb23a3 sp=0x00000005204fd5d0 mode 2
Event: 0.622 Thread 0x0000013eb00b9cc0 Uncommon trap: trap_request=0xffffff45 fr.pc=0x0000013e9b948b1c relative=0x00000000000006dc
Event: 0.622 Thread 0x0000013eb00b9cc0 Uncommon trap: reason=unstable_if action=reinterpret pc=0x0000013e9b948b1c method=java.util.ImmutableCollections$SetN.probe(Ljava/lang/Object;)I @ 34 c2
Event: 0.622 Thread 0x0000013eb00b9cc0 DEOPT PACKING pc=0x0000013e9b948b1c sp=0x00000005204fd4c0
Event: 0.622 Thread 0x0000013eb00b9cc0 DEOPT UNPACKING pc=0x0000013e93eb23a3 sp=0x00000005204fd408 mode 2

Classes unloaded (0 events):
No events

Classes redefined (0 events):
No events

Internal exceptions (13 events):
Event: 0.110 Thread 0x0000013e8c6799c0 Exception <a 'java/lang/NoSuchMethodError'{0x000000071fd33150}: 'void java.lang.invoke.DirectMethodHandle$Holder.invokeVirtual(java.lang.Object, java.lang.Object)'> (0x000000071fd33150) 
thrown [t:\workspace\open\src\hotspot\share\interpreter\linkResolver.cpp, line 766]
Event: 0.212 Thread 0x0000013eb0161690 Exception <a 'java/lang/NoSuchMethodError'{0x000000071f7d7478}: 'java.lang.Object java.lang.invoke.DirectMethodHandle$Holder.invokeStaticInit(java.lang.Object)'> (0x000000071f7d7478) 
thrown [t:\workspace\open\src\hotspot\share\interpreter\linkResolver.cpp, line 766]
Event: 0.216 Thread 0x0000013eb0161690 Exception <a 'java/lang/ClassNotFoundException'{0x000000071f7e2680}: jdk/net/ExtendedSocketOptions> (0x000000071f7e2680) 
thrown [t:\workspace\open\src\hotspot\share\classfile\systemDictionary.cpp, line 256]
Event: 0.217 Thread 0x0000013eb0161690 Exception <a 'java/lang/NoSuchMethodError'{0x000000071f7e3f18}: 'void java.lang.invoke.DirectMethodHandle$Holder.invokeStatic(java.lang.Object, java.lang.Object)'> (0x000000071f7e3f18) 
thrown [t:\workspace\open\src\hotspot\share\interpreter\linkResolver.cpp, line 766]
Event: 0.434 Thread 0x0000013e8c6799c0 Exception <a 'java/lang/NoSuchMethodError'{0x000000071ee45338}: 'void java.lang.invoke.DirectMethodHandle$Holder.invokeSpecial(java.lang.Object, java.lang.Object, java.lang.Object)'> (0x000000071ee45338) 
thrown [t:\workspace\open\src\hotspot\share\interpreter\linkResolver.cpp, line 766]
Event: 0.441 Thread 0x0000013e8c6799c0 Exception <a 'java/lang/NoSuchMethodError'{0x000000071ee7bc20}: 'void java.lang.invoke.DirectMethodHandle$Holder.invokeStatic(java.lang.Object, java.lang.Object, java.lang.Object)'> (0x000000071ee7bc20) 
thrown [t:\workspace\open\src\hotspot\share\interpreter\linkResolver.cpp, line 766]
Event: 0.486 Thread 0x0000013e8c6799c0 Exception <a 'java/lang/NoSuchMethodError'{0x000000071ee98720}: 'int java.lang.invoke.DirectMethodHandle$Holder.invokeStaticInit(java.lang.Object, java.lang.Object, java.lang.Object)'> (0x000000071ee98720) 
thrown [t:\workspace\open\src\hotspot\share\interpreter\linkResolver.cpp, line 766]
Event: 0.506 Thread 0x0000013e8c6799c0 Exception <a 'java/lang/NoSuchMethodError'{0x000000071ec06218}: 'java.lang.Object java.lang.invoke.DirectMethodHandle$Holder.newInvokeSpecial(java.lang.Object, java.lang.Object, int, java.lang.Object)'> (0x000000071ec06218) 
thrown [t:\workspace\open\src\hotspot\share\interpreter\linkResolver.cpp, line 766]
Event: 0.507 Thread 0x0000013e8c6799c0 Exception <a 'java/lang/NoSuchMethodError'{0x000000071ec0a5f8}: 'java.lang.Object java.lang.invoke.DirectMethodHandle$Holder.invokeSpecial(java.lang.Object, java.lang.Object, java.lang.Object, int, java.lang.Object)'> (0x000000071ec0a5f8) 
thrown [t:\workspace\open\src\hotspot\share\interpreter\linkResolver.cpp, line 766]
Event: 0.610 Thread 0x0000013eb00b9cc0 Exception <a 'java/lang/NoSuchMethodError'{0x000000071eaa0b28}: 'void java.lang.invoke.DirectMethodHandle$Holder.invokeStaticInit(java.lang.Object)'> (0x000000071eaa0b28) 
thrown [t:\workspace\open\src\hotspot\share\interpreter\linkResolver.cpp, line 766]
Event: 0.612 Thread 0x0000013e8c6799c0 Exception <a 'java/lang/NoSuchMethodError'{0x000000071ec1f7b8}: 'java.lang.Object java.lang.invoke.DirectMethodHandle$Holder.newInvokeSpecial(java.lang.Object, java.lang.Object, java.lang.Object, java.lang.Object, java.lang.Object, java.lang.Object)'> (0x000000071ec1f7b8) 
thrown [t:\workspace\open\src\hotspot\share\interpreter\linkResolver.cpp, line 766]
Event: 0.626 Thread 0x0000013e8c6799c0 Exception <a 'java/lang/NoSuchMethodError'{0x000000071ec4e180}: 'java.lang.Object java.lang.invoke.DirectMethodHandle$Holder.newInvokeSpecial(java.lang.Object, java.lang.Object, java.lang.Object, java.lang.Object, java.lang.Object)'> (0x000000071ec4e180) 
thrown [t:\workspace\open\src\hotspot\share\interpreter\linkResolver.cpp, line 766]
Event: 0.627 Thread 0x0000013eb070dff0 Exception <a 'java/lang/NoSuchMethodError'{0x000000071eb55ed8}: 'void java.lang.invoke.DirectMethodHandle$Holder.invokeStatic(java.lang.Object, java.lang.Object, java.lang.Object, java.lang.Object)'> (0x000000071eb55ed8) 
thrown [t:\workspace\open\src\hotspot\share\interpreter\linkResolver.cpp, line 766]

VM Operations (8 events):
Event: 0.161 Executing VM operation: HandshakeAllThreads
Event: 0.161 Executing VM operation: HandshakeAllThreads done
Event: 0.161 Executing VM operation: HandshakeAllThreads
Event: 0.161 Executing VM operation: HandshakeAllThreads done
Event: 0.211 Executing VM operation: HandshakeAllThreads
Event: 0.211 Executing VM operation: HandshakeAllThreads done
Event: 0.496 Executing VM operation: HandshakeAllThreads
Event: 0.496 Executing VM operation: HandshakeAllThreads done

Events (20 events):
Event: 0.620 loading class jdk/internal/org/objectweb/asm/Edge
Event: 0.620 loading class jdk/internal/org/objectweb/asm/Edge done
Event: 0.621 loading class java/lang/reflect/Proxy$ProxyBuilder$1
Event: 0.621 loading class java/lang/reflect/Proxy$ProxyBuilder$1 done
Event: 0.621 loading class java/lang/annotation/Target
Event: 0.621 loading class java/lang/annotation/Target done
Event: 0.622 loading class sun/reflect/generics/repository/ClassRepository
Event: 0.623 loading class sun/reflect/generics/repository/GenericDeclRepository
Event: 0.623 loading class sun/reflect/generics/repository/AbstractRepository
Event: 0.623 loading class sun/reflect/generics/repository/AbstractRepository done
Event: 0.623 loading class sun/reflect/generics/repository/GenericDeclRepository done
Event: 0.623 loading class sun/reflect/generics/repository/ClassRepository done
Event: 0.623 loading class java/lang/Class$EnclosingMethodInfo
Event: 0.623 loading class java/lang/Class$EnclosingMethodInfo done
Event: 0.623 loading class java/lang/Class$AnnotationData
Event: 0.623 loading class java/lang/Class$AnnotationData done
Event: 0.627 Thread 0x0000013eb070dff0 Thread added: 0x0000013eb070dff0
Event: 0.630 Thread 0x0000013eb070ee60 Thread added: 0x0000013eb070ee60
Event: 0.635 loading class java/util/LinkedList$ListItr
Event: 0.635 loading class java/util/LinkedList$ListItr done


Dynamic libraries:
0x00007ff619e40000 - 0x00007ff619e4e000 	C:\Users\Komp\.jdks\openjdk-17\bin\java.exe
0x00007fffde230000 - 0x00007fffde425000 	C:\WINDOWS\SYSTEM32\ntdll.dll
0x00007fffdc280000 - 0x00007fffdc33e000 	C:\WINDOWS\System32\KERNEL32.DLL
0x00007fffdbb30000 - 0x00007fffdbdf8000 	C:\WINDOWS\System32\KERNELBASE.dll
0x00007fffd92c0000 - 0x00007fffd9350000 	C:\WINDOWS\SYSTEM32\apphelp.dll
0x00007fffdbe90000 - 0x00007fffdbf90000 	C:\WINDOWS\System32\ucrtbase.dll
0x00007fffcdda0000 - 0x00007fffcddba000 	C:\Users\Komp\.jdks\openjdk-17\bin\VCRUNTIME140.dll
0x00007fffcddc0000 - 0x00007fffcddd8000 	C:\Users\Komp\.jdks\openjdk-17\bin\jli.dll
0x00007fffdca70000 - 0x00007fffdcc11000 	C:\WINDOWS\System32\USER32.dll
0x00007fffcb5c0000 - 0x00007fffcb85a000 	C:\WINDOWS\WinSxS\amd64_microsoft.windows.common-controls_6595b64144ccf1df_6.0.19041.1110_none_60b5254171f9507e\COMCTL32.dll
0x00007fffdbb00000 - 0x00007fffdbb22000 	C:\WINDOWS\System32\win32u.dll
0x00007fffdcd50000 - 0x00007fffdcd7b000 	C:\WINDOWS\System32\GDI32.dll
0x00007fffdcd80000 - 0x00007fffdce1e000 	C:\WINDOWS\System32\msvcrt.dll
0x00007fffdc0c0000 - 0x00007fffdc1cb000 	C:\WINDOWS\System32\gdi32full.dll
0x00007fffdc020000 - 0x00007fffdc0bd000 	C:\WINDOWS\System32\msvcp_win.dll
0x00007fffddde0000 - 0x00007fffdde10000 	C:\WINDOWS\System32\IMM32.DLL
0x00007fffd4c50000 - 0x00007fffd4c5c000 	C:\Users\Komp\.jdks\openjdk-17\bin\vcruntime140_1.dll
0x00007fff95060000 - 0x00007fff950ed000 	C:\Users\Komp\.jdks\openjdk-17\bin\msvcp140.dll
0x00007fff4c520000 - 0x00007fff4d0de000 	C:\Users\Komp\.jdks\openjdk-17\bin\server\jvm.dll
0x00007fffdc410000 - 0x00007fffdc4bc000 	C:\WINDOWS\System32\ADVAPI32.dll
0x00007fffdce20000 - 0x00007fffdcebb000 	C:\WINDOWS\System32\sechost.dll
0x00007fffddf60000 - 0x00007fffde08a000 	C:\WINDOWS\System32\RPCRT4.dll
0x00007fffddf50000 - 0x00007fffddf58000 	C:\WINDOWS\System32\PSAPI.DLL
0x00007fffd6c30000 - 0x00007fffd6c39000 	C:\WINDOWS\SYSTEM32\WSOCK32.dll
0x00007fffc9710000 - 0x00007fffc9737000 	C:\WINDOWS\SYSTEM32\WINMM.dll
0x00007fffd4ef0000 - 0x00007fffd4efa000 	C:\WINDOWS\SYSTEM32\VERSION.dll
0x00007fffddcc0000 - 0x00007fffddd2b000 	C:\WINDOWS\System32\WS2_32.dll
0x00007fffd9870000 - 0x00007fffd9882000 	C:\WINDOWS\SYSTEM32\kernel.appcore.dll
0x00007fffd4660000 - 0x00007fffd466a000 	C:\Users\Komp\.jdks\openjdk-17\bin\jimage.dll
0x00007fffd3c40000 - 0x00007fffd3e24000 	C:\WINDOWS\SYSTEM32\DBGHELP.DLL
0x00007fffd3c10000 - 0x00007fffd3c3c000 	C:\WINDOWS\SYSTEM32\dbgcore.DLL
0x00007fffdbe00000 - 0x00007fffdbe83000 	C:\WINDOWS\System32\bcryptPrimitives.dll
0x00007fffcd810000 - 0x00007fffcd81e000 	C:\Users\Komp\.jdks\openjdk-17\bin\instrument.dll
0x00007fffc3de0000 - 0x00007fffc3e05000 	C:\Users\Komp\.jdks\openjdk-17\bin\java.dll
0x00007fff7aac0000 - 0x00007fff7ab96000 	C:\Users\Komp\.jdks\openjdk-17\bin\svml.dll
0x00007fffdd320000 - 0x00007fffdda5f000 	C:\WINDOWS\System32\SHELL32.dll
0x00007fffd9a70000 - 0x00007fffda200000 	C:\WINDOWS\SYSTEM32\windows.storage.dll
0x00007fffdcf60000 - 0x00007fffdd2b5000 	C:\WINDOWS\System32\combase.dll
0x00007fffdb3a0000 - 0x00007fffdb3ce000 	C:\WINDOWS\SYSTEM32\Wldp.dll
0x00007fffddd30000 - 0x00007fffddddd000 	C:\WINDOWS\System32\SHCORE.dll
0x00007fffdde30000 - 0x00007fffdde85000 	C:\WINDOWS\System32\shlwapi.dll
0x00007fffdb890000 - 0x00007fffdb8af000 	C:\WINDOWS\SYSTEM32\profapi.dll
0x00007fffbc020000 - 0x00007fffbc039000 	C:\Users\Komp\.jdks\openjdk-17\bin\net.dll
0x00007fffd17c0000 - 0x00007fffd18cc000 	C:\WINDOWS\SYSTEM32\WINHTTP.dll
0x00007fffdb100000 - 0x00007fffdb16a000 	C:\WINDOWS\system32\mswsock.dll
0x00007fffbc000000 - 0x00007fffbc015000 	C:\Users\Komp\.jdks\openjdk-17\bin\nio.dll
0x00007fffb6630000 - 0x00007fffb6648000 	C:\Users\Komp\.jdks\openjdk-17\bin\zip.dll
0x00007fffb6610000 - 0x00007fffb662a000 	C:\Things\IntelliJ\IntelliJ IDEA Ultimate 2021.2.3\bin\breakgen64.dll
0x0000013eaeb60000 - 0x0000013eaeb63000 	C:\Users\Komp\.openjfx\cache\17.0.1\api-ms-win-core-console-l1-1-0.dll
0x0000013eaeb70000 - 0x0000013eaeb73000 	C:\Users\Komp\.openjfx\cache\17.0.1\api-ms-win-core-console-l1-2-0.dll
0x0000013eaeb80000 - 0x0000013eaeb83000 	C:\Users\Komp\.openjfx\cache\17.0.1\api-ms-win-core-datetime-l1-1-0.dll
0x0000013eaeb90000 - 0x0000013eaeb93000 	C:\Users\Komp\.openjfx\cache\17.0.1\api-ms-win-core-debug-l1-1-0.dll
0x0000013eaeba0000 - 0x0000013eaeba3000 	C:\Users\Komp\.openjfx\cache\17.0.1\api-ms-win-core-errorhandling-l1-1-0.dll
0x0000013eaebb0000 - 0x0000013eaebb4000 	C:\Users\Komp\.openjfx\cache\17.0.1\api-ms-win-core-file-l1-1-0.dll
0x0000013eaebc0000 - 0x0000013eaebc3000 	C:\Users\Komp\.openjfx\cache\17.0.1\api-ms-win-core-file-l1-2-0.dll
0x0000013eaebd0000 - 0x0000013eaebd3000 	C:\Users\Komp\.openjfx\cache\17.0.1\api-ms-win-core-file-l2-1-0.dll
0x0000013eaebe0000 - 0x0000013eaebe3000 	C:\Users\Komp\.openjfx\cache\17.0.1\api-ms-win-core-handle-l1-1-0.dll
0x0000013eaebf0000 - 0x0000013eaebf3000 	C:\Users\Komp\.openjfx\cache\17.0.1\api-ms-win-core-heap-l1-1-0.dll
0x0000013eb0fd0000 - 0x0000013eb0fd3000 	C:\Users\Komp\.openjfx\cache\17.0.1\api-ms-win-core-interlocked-l1-1-0.dll
0x0000013eb0fe0000 - 0x0000013eb0fe3000 	C:\Users\Komp\.openjfx\cache\17.0.1\api-ms-win-core-libraryloader-l1-1-0.dll
0x0000013eb0ff0000 - 0x0000013eb0ff3000 	C:\Users\Komp\.openjfx\cache\17.0.1\api-ms-win-core-localization-l1-2-0.dll
0x0000013eb1000000 - 0x0000013eb1003000 	C:\Users\Komp\.openjfx\cache\17.0.1\api-ms-win-core-memory-l1-1-0.dll
0x0000013eb1010000 - 0x0000013eb1013000 	C:\Users\Komp\.openjfx\cache\17.0.1\api-ms-win-core-namedpipe-l1-1-0.dll
0x0000013eb1020000 - 0x0000013eb1023000 	C:\Users\Komp\.openjfx\cache\17.0.1\api-ms-win-core-processenvironment-l1-1-0.dll
0x0000013eb1030000 - 0x0000013eb1033000 	C:\Users\Komp\.openjfx\cache\17.0.1\api-ms-win-core-processthreads-l1-1-0.dll
0x0000013eb1040000 - 0x0000013eb1043000 	C:\Users\Komp\.openjfx\cache\17.0.1\api-ms-win-core-processthreads-l1-1-1.dll
0x0000013eb1050000 - 0x0000013eb1053000 	C:\Users\Komp\.openjfx\cache\17.0.1\api-ms-win-core-profile-l1-1-0.dll
0x0000013eb1060000 - 0x0000013eb1063000 	C:\Users\Komp\.openjfx\cache\17.0.1\api-ms-win-core-rtlsupport-l1-1-0.dll
0x0000013eb1070000 - 0x0000013eb1073000 	C:\Users\Komp\.openjfx\cache\17.0.1\api-ms-win-core-string-l1-1-0.dll
0x0000013eb1080000 - 0x0000013eb1083000 	C:\Users\Komp\.openjfx\cache\17.0.1\api-ms-win-core-synch-l1-1-0.dll
0x0000013eb1090000 - 0x0000013eb1093000 	C:\Users\Komp\.openjfx\cache\17.0.1\api-ms-win-core-synch-l1-2-0.dll
0x0000013eb10a0000 - 0x0000013eb10a3000 	C:\Users\Komp\.openjfx\cache\17.0.1\api-ms-win-core-sysinfo-l1-1-0.dll
0x0000013eb10b0000 - 0x0000013eb10b3000 	C:\Users\Komp\.openjfx\cache\17.0.1\api-ms-win-core-timezone-l1-1-0.dll
0x0000013eb11e0000 - 0x0000013eb11e3000 	C:\Users\Komp\.openjfx\cache\17.0.1\api-ms-win-core-util-l1-1-0.dll
0x0000013eb11f0000 - 0x0000013eb11f3000 	C:\Users\Komp\.openjfx\cache\17.0.1\api-ms-win-crt-conio-l1-1-0.dll
0x0000013eb1200000 - 0x0000013eb1204000 	C:\Users\Komp\.openjfx\cache\17.0.1\api-ms-win-crt-convert-l1-1-0.dll
0x0000013eb1210000 - 0x0000013eb1213000 	C:\Users\Komp\.openjfx\cache\17.0.1\api-ms-win-crt-environment-l1-1-0.dll
0x0000013eb1220000 - 0x0000013eb1223000 	C:\Users\Komp\.openjfx\cache\17.0.1\api-ms-win-crt-filesystem-l1-1-0.dll
0x0000013eb1230000 - 0x0000013eb1233000 	C:\Users\Komp\.openjfx\cache\17.0.1\api-ms-win-crt-heap-l1-1-0.dll
0x0000013eb1240000 - 0x0000013eb1243000 	C:\Users\Komp\.openjfx\cache\17.0.1\api-ms-win-crt-locale-l1-1-0.dll
0x0000013eb1250000 - 0x0000013eb1255000 	C:\Users\Komp\.openjfx\cache\17.0.1\api-ms-win-crt-math-l1-1-0.dll
0x0000013eb10c0000 - 0x0000013eb10c5000 	C:\Users\Komp\.openjfx\cache\17.0.1\api-ms-win-crt-multibyte-l1-1-0.dll
0x0000013eb10d0000 - 0x0000013eb10e0000 	C:\Users\Komp\.openjfx\cache\17.0.1\api-ms-win-crt-private-l1-1-0.dll
0x0000013eb10e0000 - 0x0000013eb10e3000 	C:\Users\Komp\.openjfx\cache\17.0.1\api-ms-win-crt-process-l1-1-0.dll
0x0000013eb10f0000 - 0x0000013eb10f4000 	C:\Users\Komp\.openjfx\cache\17.0.1\api-ms-win-crt-runtime-l1-1-0.dll
0x0000013eb1100000 - 0x0000013eb1104000 	C:\Users\Komp\.openjfx\cache\17.0.1\api-ms-win-crt-stdio-l1-1-0.dll
0x0000013eb1110000 - 0x0000013eb1114000 	C:\Users\Komp\.openjfx\cache\17.0.1\api-ms-win-crt-string-l1-1-0.dll
0x0000013eb1120000 - 0x0000013eb1123000 	C:\Users\Komp\.openjfx\cache\17.0.1\api-ms-win-crt-time-l1-1-0.dll
0x0000013eb1130000 - 0x0000013eb1133000 	C:\Users\Komp\.openjfx\cache\17.0.1\api-ms-win-crt-utility-l1-1-0.dll
0x00007fff66c30000 - 0x00007fff66d2c000 	C:\Users\Komp\.openjfx\cache\17.0.1\ucrtbase.dll
0x00007fffafe60000 - 0x00007fffafe7a000 	C:\Users\Komp\.openjfx\cache\17.0.1\vcruntime140.dll
0x00007fffb65e0000 - 0x00007fffb65ec000 	C:\Users\Komp\.openjfx\cache\17.0.1\vcruntime140_1.dll
0x00007fff8e2e0000 - 0x00007fff8e36d000 	C:\Users\Komp\.openjfx\cache\17.0.1\msvcp140.dll
0x00007fffad940000 - 0x00007fffad96a000 	C:\Users\Komp\.openjfx\cache\17.0.1\prism_d3d.dll
0x00007fffd2420000 - 0x00007fffd25ee000 	C:\WINDOWS\system32\d3d9.dll
0x00007fffd9760000 - 0x00007fffd978f000 	C:\WINDOWS\SYSTEM32\dwmapi.dll
0x00007fffd9390000 - 0x00007fffd942e000 	C:\WINDOWS\system32\uxtheme.dll
0x00007fffdb530000 - 0x00007fffdb542000 	C:\WINDOWS\SYSTEM32\msasn1.dll
0x00007fffd4580000 - 0x00007fffd45b1000 	C:\WINDOWS\SYSTEM32\cryptnet.dll
0x00007fffdb950000 - 0x00007fffdbaa6000 	C:\WINDOWS\System32\CRYPT32.dll
0x00007fffd1bf0000 - 0x00007fffd1d3a000 	C:\WINDOWS\SYSTEM32\drvstore.dll
0x00007fffdb6f0000 - 0x00007fffdb724000 	C:\WINDOWS\SYSTEM32\devobj.dll
0x00007fffdbab0000 - 0x00007fffdbafe000 	C:\WINDOWS\System32\cfgmgr32.dll
0x00007fffdb2f0000 - 0x00007fffdb2fc000 	C:\WINDOWS\SYSTEM32\cryptbase.dll
0x00007fffdbfc0000 - 0x00007fffdc020000 	C:\WINDOWS\System32\WINTRUST.DLL
0x00007fffdde10000 - 0x00007fffdde2d000 	C:\WINDOWS\System32\imagehlp.dll
0x00007fffdb300000 - 0x00007fffdb318000 	C:\WINDOWS\SYSTEM32\CRYPTSP.dll
0x00007fffdaa10000 - 0x00007fffdaa44000 	C:\WINDOWS\system32\rsaenh.dll
0x00007fffdbf90000 - 0x00007fffdbfb7000 	C:\WINDOWS\System32\bcrypt.dll
0x00007fff8e6b0000 - 0x00007fff8e6f2000 	C:\Users\Komp\.openjfx\cache\17.0.1\glass.dll
0x00007fffde090000 - 0x00007fffde16a000 	C:\WINDOWS\System32\COMDLG32.dll
0x00007fffdcc20000 - 0x00007fffdcd4a000 	C:\WINDOWS\System32\ole32.dll
0x00007fffdc340000 - 0x00007fffdc40d000 	C:\WINDOWS\System32\OLEAUT32.dll
0x00007fffdc4c0000 - 0x00007fffdc5d5000 	C:\WINDOWS\System32\MSCTF.dll
0x00007fff96d90000 - 0x00007fff97053000 	C:\WINDOWS\system32\nvspcap64.dll
0x00007fffda760000 - 0x00007fffda793000 	C:\WINDOWS\SYSTEM32\ntmarta.dll
0x00007fffda210000 - 0x00007fffda233000 	C:\WINDOWS\SYSTEM32\gpapi.dll
0x00007fffbdfb0000 - 0x00007fffbdfeb000 	C:\WINDOWS\SYSTEM32\dxcore.dll

dbghelp: loaded successfully - version: 4.0.5 - missing functions: none
symbol engine: initialized successfully - sym options: 0x614 - pdb path: .;C:\Users\Komp\.jdks\openjdk-17\bin;C:\WINDOWS\SYSTEM32;C:\WINDOWS\WinSxS\amd64_microsoft.windows.common-controls_6595b64144ccf1df_6.0.19041.1110_none_60b5254171f9507e;C:\Users\Komp\.jdks\openjdk-17\bin\server;C:\Things\IntelliJ\IntelliJ IDEA Ultimate 2021.2.3\bin;C:\Users\Komp\.openjfx\cache\17.0.1;C:\WINDOWS\System32\DriverStore\FileRepository\nv_dispi.inf_amd64_19c79fb6254e3b11

VM Arguments:
jvm_args: -javaagent:C:\Things\IntelliJ\IntelliJ IDEA Ultimate 2021.2.3\lib\idea_rt.jar=3246:C:\Things\IntelliJ\IntelliJ IDEA Ultimate 2021.2.3\bin -Dfile.encoding=UTF-8 --module-path=C:\Things\IntelliJ\IdeaProjects\Noosphere\target\classes;C:\Users\Komp\.m2\repository\org\openjfx\javafx-graphics\17.0.1\javafx-graphics-17.0.1-win.jar;C:\Users\Komp\.m2\repository\org\openjfx\javafx-base\17.0.1\javafx-base-17.0.1-win.jar;C:\Users\Komp\.m2\repository\org\openjfx\javafx-controls\17.0.1\javafx-controls-17.0.1-win.jar;C:\Users\Komp\.m2\repository\org\openjfx\javafx-fxml\17.0.1\javafx-fxml-17.0.1-win.jar -Djdk.module.main=Noosphere 
java_command: Noosphere/main.MainNoosphere
java_class_path (initial): C:\Users\Komp\.m2\repository\org\openjfx\javafx-fxml\17.0.1\javafx-fxml-17.0.1.jar;C:\Users\Komp\.m2\repository\org\openjfx\javafx-graphics\17.0.1\javafx-graphics-17.0.1.jar;C:\Users\Komp\.m2\repository\org\openjfx\javafx-base\17.0.1\javafx-base-17.0.1.jar;C:\Users\Komp\.m2\repository\org\openjfx\javafx-controls\17.0.1\javafx-controls-17.0.1.jar;C:\Users\Komp\.m2\repository\org\openjfx\javafx-maven-plugin\0.0.8\javafx-maven-plugin-0.0.8.jar;C:\Users\Komp\.m2\repository\org\apache\maven\maven-plugin-api\3.6.0\maven-plugin-api-3.6.0.jar;C:\Users\Komp\.m2\repository\org\eclipse\sisu\org.eclipse.sisu.plexus\0.3.3\org.eclipse.sisu.plexus-0.3.3.jar;C:\Users\Komp\.m2\repository\javax\enterprise\cdi-api\1.0\cdi-api-1.0.jar;C:\Users\Komp\.m2\repository\javax\annotation\jsr250-api\1.0\jsr250-api-1.0.jar;C:\Users\Komp\.m2\repository\org\codehaus\plexus\plexus-classworlds\2.5.2\plexus-classworlds-2.5.2.jar;C:\Users\Komp\.m2\repository\org\codehaus\plexus\plexus-java\0.9.11\plexus-java-0.9.11.jar;C:\Users\Komp\.m2\repository\org\ow2\asm\asm\7.0-beta\asm-7.0-beta.jar;C:\Users\Komp\.m2\repository\com\thoughtworks\qdox\qdox\2.0-M9\qdox-2.0-M9.jar;C:\Users\Komp\.m2\repository\org\codehaus\plexus\plexus-archiver\3.6.0\plexus-archiver-3.6.0.jar;C:\Users\Komp\.m2\repository\org\codehaus\plexus\plexus-io\3.0.1\plexus-io-3.0.1.jar;C:\Users\Komp\.m2\repository\commons-io\commons-io\2.6\commons-io-2.6.jar;C:\Users\Komp\.m2\repository\org\apache\commons\commons-compress\1.16.1\commons-compress-1.16.1.jar;C:\Users\Komp\.m2\repository\org\objenesis\objenesis\2.6\objenesis-2.6.jar;C:\Users\Komp\.m2\repository\org\iq80\snappy\snappy\0.4\snappy-0.4.jar;C:\Users\Komp\.m2\repository\org\tukaani\xz\1.8\xz-1.8.jar;C:\Users\Komp\.m2\repository\org\apache\commons\commons-exec\1.3\commons-exec-1.3.jar;C:\Users\Komp\.m2\repository\org\apache\maven\maven-core\3.6.0\maven-core-3.6.0.jar;C:\Users\Komp\.m2\repository\org\apache\maven\maven-settings-builder\3.6.0\maven-settings-b
Launcher Type: SUN_STANDARD

[Global flags]
     intx CICompilerCount                          = 4                                         {product} {ergonomic}
     uint ConcGCThreads                            = 2                                         {product} {ergonomic}
     uint G1ConcRefinementThreads                  = 8                                         {product} {ergonomic}
   size_t G1HeapRegionSize                         = 2097152                                   {product} {ergonomic}
    uintx GCDrainStackTargetSize                   = 64                                        {product} {ergonomic}
   size_t InitialHeapSize                          = 251658240                                 {product} {ergonomic}
   size_t MarkStackSize                            = 4194304                                   {product} {ergonomic}
   size_t MaxHeapSize                              = 4011851776                                {product} {ergonomic}
   size_t MaxNewSize                               = 2405433344                                {product} {ergonomic}
   size_t MinHeapDeltaBytes                        = 2097152                                   {product} {ergonomic}
   size_t MinHeapSize                              = 8388608                                   {product} {ergonomic}
    uintx NonNMethodCodeHeapSize                   = 5839372                                {pd product} {ergonomic}
    uintx NonProfiledCodeHeapSize                  = 122909434                              {pd product} {ergonomic}
    uintx ProfiledCodeHeapSize                     = 122909434                              {pd product} {ergonomic}
    uintx ReservedCodeCacheSize                    = 251658240                              {pd product} {ergonomic}
     bool SegmentedCodeCache                       = true                                      {product} {ergonomic}
   size_t SoftMaxHeapSize                          = 4011851776                             {manageable} {ergonomic}
     bool UseCompressedClassPointers               = true                           {product lp64_product} {ergonomic}
     bool UseCompressedOops                        = true                           {product lp64_product} {ergonomic}
     bool UseG1GC                                  = true                                      {product} {ergonomic}
     bool UseLargePagesIndividualAllocation        = false                                  {pd product} {ergonomic}

Logging:
Log output configuration:
 #0: stdout all=warning uptime,level,tags
 #1: stderr all=off uptime,level,tags

Environment Variables:
PATH=C:\Program Files (x86)\Common Files\Oracle\Java\javapath;C:\Program Files\Oculus\Support\oculus-runtime;C:\ProgramData\Oracle\Java\javapath;C:\Windows\system32;C:\Windows;C:\Windows\System32\Wbem;C:\Windows\System32\WindowsPowerShell\v1.0\;C:\WINDOWS\system32;C:\WINDOWS;C:\WINDOWS\System32\Wbem;C:\WINDOWS\System32\WindowsPowerShell\v1.0\;C:\Program Files (x86)\Skype\Phone\;C:\Program Files (x86)\NVIDIA Corporation\PhysX\Common;C:\WINDOWS\System32\OpenSSH\;C:\Program Files\NVIDIA Corporation\NVIDIA NvDLISR;C:\Windows\System32\OpenSSH\;C:\Program Files (x86)\IncrediBuild;C:\WINDOWS\system32;C:\WINDOWS;C:\WINDOWS\System32\Wbem;C:\WINDOWS\System32\WindowsPowerShell\v1.0\;C:\WINDOWS\System32\OpenSSH\;C:\Program Files\MATLAB\R2021b\bin;C:\Users\Komp\AppData\Local\Microsoft\WindowsApps;;C:\Things\IntelliJ\IntelliJ IDEA Community Edition 2021.2.3\bin;
USERNAME=Komp
OS=Windows_NT
PROCESSOR_IDENTIFIER=Intel64 Family 6 Model 60 Stepping 3, GenuineIntel



---------------  S Y S T E M  ---------------

OS:
 Windows 10 , 64 bit Build 19041 (10.0.19041.1348)
OS uptime: 0 days 1:37 hours

CPU: total 8 (initial active 8) (4 cores per cpu, 2 threads per core) family 6 model 60 stepping 3 microcode 0x27, cx8, cmov, fxsr, ht, mmx, sse, sse2, sse3, ssse3, sse4.1, sse4.2, popcnt, lzcnt, tsc, tscinvbit, avx, avx2, aes, erms, clmul, bmi1, bmi2, fma, vzeroupper, clflush

Memory: 4k page, system-wide physical 15300M (5921M free)
TotalPageFile size 17348M (AvailPageFile size 4386M)
current process WorkingSet (physical memory assigned to process): 87M, peak: 96M
current process commit charge ("private bytes"): 366M, peak: 375M

vm_info: OpenJDK 64-Bit Server VM (17+35-2724) for windows-amd64 JRE (17+35-2724), built on Aug  5 2021 23:26:02 by "mach5one" with MS VC++ 16.8 (VS2019)

END.
